<?xml version="1.0" encoding="UTF-8"?>
<testng-results ignored="0" total="2" passed="2" failed="0" skipped="0">
  <reporter-output>
  </reporter-output>
  <suite started-at="2023-07-03T00:24:53 EDT" name="Suite" finished-at="2023-07-03T00:24:57 EDT" duration-ms="4515">
    <groups>
      <group name="cucumber">
        <method signature="AbstractTestNGCucumberTests.runScenario(io.cucumber.testng.PickleWrapper,io.cucumber.testng.FeatureWrapper)[pri:0, instance:com.regression.RunnerFile@61001b64]" name="runScenario" class="io.cucumber.testng.AbstractTestNGCucumberTests"/>
      </group> <!-- cucumber -->
    </groups>
    <test started-at="2023-07-03T00:24:53 EDT" name="Test" finished-at="2023-07-03T00:24:57 EDT" duration-ms="4515">
      <class name="com.regression.RunnerFile">
        <test-method is-config="true" signature="setUpClass(org.testng.ITestContext)[pri:0, instance:com.regression.RunnerFile@61001b64]" started-at="2023-07-03T00:24:53 EDT" name="setUpClass" finished-at="2023-07-03T00:24:53 EDT" duration-ms="213" status="PASS">
          <params>
            <param index="0">
              <value>
                <![CDATA[org.testng.TestRunner@68dd39d2]]>
              </value>
            </param>
          </params>
          <reporter-output>
          </reporter-output>
        </test-method> <!-- setUpClass -->
        <test-method signature="runScenario(io.cucumber.testng.PickleWrapper,io.cucumber.testng.FeatureWrapper)[pri:0, instance:com.regression.RunnerFile@61001b64]" started-at="2023-07-03T00:24:53 EDT" name="runScenario" description="Runs Cucumber Scenarios" data-provider="scenarios" finished-at="2023-07-03T00:24:55 EDT" duration-ms="2521" status="PASS">
          <params>
            <param index="0">
              <value>
                <![CDATA["Login function test with valid credential."]]>
              </value>
            </param>
            <param index="1">
              <value>
                <![CDATA["Login function for Smarttech online Banking"]]>
              </value>
            </param>
          </params>
          <reporter-output>
          </reporter-output>
        </test-method> <!-- runScenario -->
        <test-method signature="runScenario(io.cucumber.testng.PickleWrapper,io.cucumber.testng.FeatureWrapper)[pri:0, instance:com.regression.RunnerFile@61001b64]" started-at="2023-07-03T00:24:55 EDT" name="runScenario" description="Runs Cucumber Scenarios" data-provider="scenarios" finished-at="2023-07-03T00:24:57 EDT" duration-ms="1419" status="PASS">
          <params>
            <param index="0">
              <value>
                <![CDATA["Login function test with invalid credential."]]>
              </value>
            </param>
            <param index="1">
              <value>
                <![CDATA["Login function for Smarttech online Banking"]]>
              </value>
            </param>
          </params>
          <reporter-output>
          </reporter-output>
        </test-method> <!-- runScenario -->
        <test-method is-config="true" signature="tearDownClass()[pri:0, instance:com.regression.RunnerFile@61001b64]" started-at="2023-07-03T00:24:57 EDT" name="tearDownClass" finished-at="2023-07-03T00:24:57 EDT" duration-ms="336" status="PASS">
          <reporter-output>
          </reporter-output>
        </test-method> <!-- tearDownClass -->
      </class> <!-- com.regression.RunnerFile -->
    </test> <!-- Test -->
  </suite> <!-- Suite -->
</testng-results>
